<?xml version="1.0" encoding="UTF-8"?>
<!-- Generated by org.testng.reporters.JUnitReportReporter -->
<testsuite hostname="USERCHI-66SNOKV" failures="0" tests="1" name="com.yoyotesting.aabbcc.TestCaseOne" time="0.018" errors="0" timestamp="18 12æœˆ 2018 15:30:25 GMT" skipped="0">
  <testcase classname="com.yoyotesting.aabbcc.TestCaseOne" name="testMethod1" time="0.018"/>
</testsuite> <!-- com.yoyotesting.aabbcc.TestCaseOne -->
