<?xml version="1.0" encoding="UTF-8"?>
<!-- Generated by org.testng.reporters.JUnitReportReporter -->
<testsuite hostname="USERCHI-66SNOKV" failures="0" tests="1" name="com.yoyotesting.yoyoaaa.TestCaseOne" time="0.024" errors="0" timestamp="18 12æœˆ 2018 15:25:51 GMT" skipped="0">
  <testcase classname="com.yoyotesting.yoyoaaa.TestCaseOne" name="testMethod1" time="0.024"/>
</testsuite> <!-- com.yoyotesting.yoyoaaa.TestCaseOne -->
