<?xml version="1.0" encoding="UTF-8"?>
<!-- Generated by org.testng.reporters.JUnitReportReporter -->
<testsuite skipped="0" hostname="4CV8479DV9" name="modualA.OpenBaiduTestNG" tests="1" failures="0" timestamp="17 一月 2020 11:29:27 GMT" time="5.207" errors="0">
  <testcase name="openBaidu" time="5.207" classname="modualA.OpenBaiduTestNG"/>
</testsuite> <!-- modualA.OpenBaiduTestNG -->
