<?xml version="1.0" encoding="UTF-8"?>
<!-- Generated by org.testng.reporters.JUnitReportReporter -->
<testsuite hostname="USERCHI-66SNOKV" failures="0" tests="1" name="abcmodual.TestCaseOne" time="0.015" errors="0" timestamp="18 12æœˆ 2018 15:28:49 GMT" skipped="0">
  <testcase classname="abcmodual.TestCaseOne" name="testMethod1" time="0.015"/>
</testsuite> <!-- abcmodual.TestCaseOne -->
