<?xml version="1.0" encoding="UTF-8"?>
<!-- Generated by org.testng.reporters.JUnitReportReporter -->
<testsuite skipped="0" hostname="4CV8479DV9" name="modualA.TestCaseThree" tests="4" failures="0" timestamp="17 一月 2020 11:29:27 GMT" time="0.003" errors="0">
  <testcase name="one" time="0.000" classname="modualA.TestCaseThree"/>
  <testcase name="two" time="0.001" classname="modualA.TestCaseThree"/>
  <testcase name="three" time="0.001" classname="modualA.TestCaseThree"/>
  <testcase name="four" time="0.001" classname="modualA.TestCaseThree"/>
</testsuite> <!-- modualA.TestCaseThree -->
