<?xml version="1.0" encoding="UTF-8"?>
<!-- Generated by org.testng.reporters.JUnitReportReporter -->
<testsuite hostname="USERCHI-66SNOKV" failures="0" tests="1" name="com.yoyotesting.mavenproject.TestCaseOne" time="0.021" errors="0" timestamp="18 12æœˆ 2018 15:20:57 GMT" skipped="0">
  <testcase classname="com.yoyotesting.mavenproject.TestCaseOne" name="testMethod1" time="0.021"/>
</testsuite> <!-- com.yoyotesting.mavenproject.TestCaseOne -->
